<?xml version="1.0" encoding="UTF-8"?>
<!-- Generated by org.testng.reporters.JUnitXMLReporter -->
<testsuite hostname="DESKTOP-SDJU098" ignored="0" name="Test" tests="4" failures="0" timestamp="2020-12-19T14:34:14 IST" time="0.209" errors="0">
  <testcase name="@BeforeMethod setup" time="-1.608368654448E9" classname="MavenTestNGPackage.TestNGClass">
    <failure type="org.testng.TestNGException" message="
Parameter &amp;apos;browser&amp;apos; is required by BeforeMethod on method setup but has not been marked @Optional or defined
in C:\MavenTestngWorkspace\MavenTestNGProject\testng.xml">
      <![CDATA[org.testng.TestNGException: 
Parameter 'browser' is required by BeforeMethod on method setup but has not been marked @Optional or defined
in C:\MavenTestngWorkspace\MavenTestNGProject\testng.xml
at java.util.ArrayList.forEach(Unknown Source)
... Removed 28 stack frames]]>
    </failure>
  </testcase> <!-- @BeforeMethod setup -->
  <testcase name="@AfterMethod aftermethod" time="-1.608368654507E9" classname="MavenTestNGPackage.TestNGClass">
    <skipped/>
  </testcase> <!-- @AfterMethod aftermethod -->
  <testcase name="@BeforeMethod setup" time="-1.608368654517E9" classname="MavenTestNGPackage.TestNGClass">
    <skipped/>
  </testcase> <!-- @BeforeMethod setup -->
  <testcase name="@AfterMethod aftermethod" time="-1.608368654529E9" classname="MavenTestNGPackage.TestNGClass">
    <skipped/>
  </testcase> <!-- @AfterMethod aftermethod -->
  <testcase name="@BeforeMethod setup" time="-1.608368654531E9" classname="MavenTestNGPackage.TestNGClass">
    <skipped/>
  </testcase> <!-- @BeforeMethod setup -->
  <testcase name="@AfterMethod aftermethod" time="-1.608368654541E9" classname="MavenTestNGPackage.TestNGClass">
    <skipped/>
  </testcase> <!-- @AfterMethod aftermethod -->
  <testcase name="@BeforeMethod setup" time="-1.608368654546E9" classname="MavenTestNGPackage.TestNGClass">
    <skipped/>
  </testcase> <!-- @BeforeMethod setup -->
  <testcase name="@AfterMethod aftermethod" time="-1.60836865456E9" classname="MavenTestNGPackage.TestNGClass">
    <skipped/>
  </testcase> <!-- @AfterMethod aftermethod -->
  <testcase name="TestCase1" time="0.0" classname="MavenTestNGPackage.TestNGClass">
    <skipped/>
  </testcase> <!-- TestCase1 -->
  <testcase name="TestCase2" time="0.0" classname="MavenTestNGPackage.TestNGClass">
    <skipped/>
  </testcase> <!-- TestCase2 -->
  <testcase name="TestCase3" time="0.0" classname="MavenTestNGPackage.TestNGClass">
    <skipped/>
  </testcase> <!-- TestCase3 -->
  <testcase name="TestCase4" time="0.001" classname="MavenTestNGPackage.TestNGClass">
    <skipped/>
  </testcase> <!-- TestCase4 -->
</testsuite> <!-- Test -->
