<?xml version="1.0" encoding="UTF-8"?>
<!-- Generated by org.testng.reporters.JUnitXMLReporter -->
<testsuite hostname="DESKTOP-SDJU098" ignored="0" name="Test" tests="4" failures="0" timestamp="2020-12-16T17:47:44 IST" time="0.054" errors="0">
  <testcase name="@BeforeTest setup" time="-1.608121064814E9" classname="MavenTestNGPackage.TestNGClass">
    <failure type="org.testng.TestNGException" message="
Parameter &amp;apos;browser&amp;apos; is required by BeforeTest on method setup but has not been marked @Optional or defined
in C:\MavenTestngWorkspace\MavenTestNGProject\testngRegression.xml">
      <![CDATA[org.testng.TestNGException: 
Parameter 'browser' is required by BeforeTest on method setup but has not been marked @Optional or defined
in C:\MavenTestngWorkspace\MavenTestNGProject\testngRegression.xml
... Removed 21 stack frames]]>
    </failure>
  </testcase> <!-- @BeforeTest setup -->
  <testcase name="@AfterMethod aftermethod" time="-1.60812106485E9" classname="MavenTestNGPackage.TestNGClass">
    <skipped/>
  </testcase> <!-- @AfterMethod aftermethod -->
  <testcase name="@AfterMethod aftermethod" time="-1.608121064853E9" classname="MavenTestNGPackage.TestNGClass">
    <skipped/>
  </testcase> <!-- @AfterMethod aftermethod -->
  <testcase name="@AfterMethod aftermethod" time="-1.608121064857E9" classname="MavenTestNGPackage.TestNGClass">
    <skipped/>
  </testcase> <!-- @AfterMethod aftermethod -->
  <testcase name="@AfterMethod aftermethod" time="-1.608121064861E9" classname="MavenTestNGPackage.TestNGClass">
    <skipped/>
  </testcase> <!-- @AfterMethod aftermethod -->
  <testcase name="TestCase1" time="0.0" classname="MavenTestNGPackage.TestNGClass">
    <skipped/>
  </testcase> <!-- TestCase1 -->
  <testcase name="TestCase2" time="0.0" classname="MavenTestNGPackage.TestNGClass">
    <skipped/>
  </testcase> <!-- TestCase2 -->
  <testcase name="TestCase3" time="0.0" classname="MavenTestNGPackage.TestNGClass">
    <skipped/>
  </testcase> <!-- TestCase3 -->
  <testcase name="TestCase4" time="0.0" classname="MavenTestNGPackage.TestNGClass">
    <skipped/>
  </testcase> <!-- TestCase4 -->
</testsuite> <!-- Test -->
